0 info it worked if it ends with ok
1 verbose cli [ '/Users/dan/.nvm/versions/node/v6.10.0/bin/node',
1 verbose cli   '/Users/dan/.nvm/versions/node/v6.10.0/bin/npm',
1 verbose cli   'start' ]
2 info using npm@3.10.10
3 info using node@v6.10.0
4 verbose run-script [ 'prestart', 'start', 'poststart' ]
5 info lifecycle webpackPractice@1.0.0~prestart: webpackPractice@1.0.0
6 silly lifecycle webpackPractice@1.0.0~prestart: no script for prestart, continuing
7 info lifecycle webpackPractice@1.0.0~start: webpackPractice@1.0.0
8 verbose lifecycle webpackPractice@1.0.0~start: unsafe-perm in lifecycle true
9 verbose lifecycle webpackPractice@1.0.0~start: PATH: /Users/dan/.nvm/versions/node/v6.10.0/lib/node_modules/npm/bin/node-gyp-bin:/Users/dan/Projects/recipes/node_modules/.bin:/Users/dan/.nvm/versions/node/v6.10.0/bin:/usr/local/bin:/usr/bin:/bin:/usr/sbin:/sbin
10 verbose lifecycle webpackPractice@1.0.0~start: CWD: /Users/dan/Projects/recipes
11 silly lifecycle webpackPractice@1.0.0~start: Args: [ '-c', 'webpack-dev-server --progress --colors' ]
12 silly lifecycle webpackPractice@1.0.0~start: Returned: code: 1  signal: null
13 info lifecycle webpackPractice@1.0.0~start: Failed to exec start script
14 verbose stack Error: webpackPractice@1.0.0 start: `webpack-dev-server --progress --colors`
14 verbose stack Exit status 1
14 verbose stack     at EventEmitter.<anonymous> (/Users/dan/.nvm/versions/node/v6.10.0/lib/node_modules/npm/lib/utils/lifecycle.js:255:16)
14 verbose stack     at emitTwo (events.js:106:13)
14 verbose stack     at EventEmitter.emit (events.js:191:7)
14 verbose stack     at ChildProcess.<anonymous> (/Users/dan/.nvm/versions/node/v6.10.0/lib/node_modules/npm/lib/utils/spawn.js:40:14)
14 verbose stack     at emitTwo (events.js:106:13)
14 verbose stack     at ChildProcess.emit (events.js:191:7)
14 verbose stack     at maybeClose (internal/child_process.js:877:16)
14 verbose stack     at Process.ChildProcess._handle.onexit (internal/child_process.js:226:5)
15 verbose pkgid webpackPractice@1.0.0
16 verbose cwd /Users/dan/Projects/recipes
17 error Darwin 16.4.0
18 error argv "/Users/dan/.nvm/versions/node/v6.10.0/bin/node" "/Users/dan/.nvm/versions/node/v6.10.0/bin/npm" "start"
19 error node v6.10.0
20 error npm  v3.10.10
21 error code ELIFECYCLE
22 error webpackPractice@1.0.0 start: `webpack-dev-server --progress --colors`
22 error Exit status 1
23 error Failed at the webpackPractice@1.0.0 start script 'webpack-dev-server --progress --colors'.
23 error Make sure you have the latest version of node.js and npm installed.
23 error If you do, this is most likely a problem with the webpackPractice package,
23 error not with npm itself.
23 error Tell the author that this fails on your system:
23 error     webpack-dev-server --progress --colors
23 error You can get information on how to open an issue for this project with:
23 error     npm bugs webpackPractice
23 error Or if that isn't available, you can get their info via:
23 error     npm owner ls webpackPractice
23 error There is likely additional logging output above.
24 verbose exit [ 1, true ]
